diff --git a/kernel/net/ipv4/ip_input.c b/kernel/net/ipv4/ip_input.c
index 6c98b43..393dbee 100644
--- a/kernel/net/ipv4/ip_input.c
+++ b/kernel/net/ipv4/ip_input.c
@@ -144,6 +144,8 @@
 #include <linux/mroute.h>
 #include <linux/netlink.h>
 
 /*
  *	Process Router Attention IP option
  */
@@ -332,6 +334,8 @@ static int ip_rcv_finish(struct sk_buff *skb)
 	if (skb_dst(skb) == NULL) {
 		int err = ip_route_input(skb, iph->daddr, iph->saddr, iph->tos,
 					 skb->dev);
+		FPRINTK("Skb 0x%p needs to go through route lookup\n", skb);
+
 		if (unlikely(err)) {
 			if (err == -EHOSTUNREACH)
 				IP_INC_STATS_BH(dev_net(skb->dev),
@@ -341,6 +345,8 @@ static int ip_rcv_finish(struct sk_buff *skb)
 						IPSTATS_MIB_INNOROUTES);
 			goto drop;
 		}
+	} else {
+		FPRINTK("Skb 0x%p has set dst cache 0x%p[%u]\n", skb, skb_dst(skb), atomic_read(&skb_dst(skb)->__refcnt));
 	}
 
 #ifdef CONFIG_NET_CLS_ROUTE
